<?xml version="1.0" encoding="UTF-8"?>
<!-- Generated by org.testng.reporters.JUnitReportReporter -->
<testsuite hostname="DESKTOP-DP1UUO0" failures="1" tests="1" name="com.app.akbar.cucumberoptions.FailedTestRunner" time="12.073" errors="0" timestamp="2024-10-07T17:51:40 IST" skipped="0">
  <testcase classname="com.app.akbar.cucumberoptions.FailedTestRunner" name="runScenario" time="12.073">
    <failure message="expected [Beetroot] but found [No data]" type="java.lang.AssertionError">
      <![CDATA[java.lang.AssertionError: expected [Beetroot] but found [No data]
at org.testng.Assert.fail(Assert.java:111)
at org.testng.Assert.failNotEquals(Assert.java:1578)
at org.testng.Assert.assertEqualsImpl(Assert.java:150)
at org.testng.Assert.assertEquals(Assert.java:132)
at org.testng.Assert.assertEquals(Assert.java:656)
at org.testng.Assert.assertEquals(Assert.java:666)
at com.app.akbar.stepdefinitions.OffersPageStepDefinition.validate_product_name_in_offers_page_matches_with_landing_page(OffersPageStepDefinition.java:40)
at âœ½.validate product name in offers page matches with landing page(file:///D:/work_space/cucumber/CucumberFramework/src/test/java/com/app/akbar/features/SearchProduct.feature:9)
]]>
    </failure>
  </testcase> <!-- runScenario -->
</testsuite> <!-- com.app.akbar.cucumberoptions.FailedTestRunner -->
